<?xml version="1.0" encoding="UTF-8"?>
<coverage generated="1748467829727" clover="3.2.0">
  <project timestamp="1748467829727" name="All files">
    <metrics statements="53" coveredstatements="53" conditionals="24" coveredconditionals="18" methods="21" coveredmethods="21" elements="98" coveredelements="92" complexity="0" loc="53" ncloc="53" packages="2" files="7" classes="7"/>
    <package name="src">
      <metrics statements="21" coveredstatements="21" conditionals="2" coveredconditionals="2" methods="7" coveredmethods="7"/>
      <file name="App.jsx" path="/Users/mariemuhire/careerfoundry/meet/src/App.jsx">
        <metrics statements="14" coveredstatements="14" conditionals="2" coveredconditionals="2" methods="4" coveredmethods="4"/>
        <line num="9" count="3" type="stmt"/>
        <line num="10" count="20" type="stmt"/>
        <line num="11" count="19" type="stmt"/>
        <line num="12" count="19" type="stmt"/>
        <line num="13" count="19" type="stmt"/>
        <line num="16" count="19" type="stmt"/>
        <line num="17" count="11" type="stmt"/>
        <line num="18" count="11" type="stmt"/>
        <line num="19" count="11" type="cond" truecount="2" falsecount="0"/>
        <line num="21" count="37" type="stmt"/>
        <line num="22" count="11" type="stmt"/>
        <line num="23" count="11" type="stmt"/>
        <line num="25" count="11" type="stmt"/>
        <line num="29" count="19" type="stmt"/>
      </file>
      <file name="api.js" path="/Users/mariemuhire/careerfoundry/meet/src/api.js">
        <metrics statements="6" coveredstatements="6" conditionals="0" coveredconditionals="0" methods="3" coveredmethods="3"/>
        <line num="12" count="3" type="stmt"/>
        <line num="13" count="518" type="stmt"/>
        <line num="14" count="14" type="stmt"/>
        <line num="15" count="14" type="stmt"/>
        <line num="23" count="3" type="stmt"/>
        <line num="24" count="16" type="stmt"/>
      </file>
      <file name="mock-data.js" path="/Users/mariemuhire/careerfoundry/meet/src/mock-data.js">
        <metrics statements="1" coveredstatements="1" conditionals="0" coveredconditionals="0" methods="0" coveredmethods="0"/>
        <line num="1" count="3" type="stmt"/>
      </file>
    </package>
    <package name="src.components">
      <metrics statements="32" coveredstatements="32" conditionals="22" coveredconditionals="16" methods="14" coveredmethods="14"/>
      <file name="CitySearch.jsx" path="/Users/mariemuhire/careerfoundry/meet/src/components/CitySearch.jsx">
        <metrics statements="20" coveredstatements="20" conditionals="6" coveredconditionals="5" methods="7" coveredmethods="7"/>
        <line num="4" count="3" type="stmt"/>
        <line num="5" count="68" type="stmt"/>
        <line num="6" count="68" type="stmt"/>
        <line num="7" count="68" type="stmt"/>
        <line num="10" count="68" type="stmt"/>
        <line num="11" count="20" type="stmt"/>
        <line num="14" count="68" type="stmt"/>
        <line num="15" count="18" type="stmt"/>
        <line num="16" count="18" type="cond" truecount="1" falsecount="1"/>
        <line num="18" count="54" type="cond" truecount="2" falsecount="0"/>
        <line num="23" count="18" type="stmt"/>
        <line num="24" count="18" type="stmt"/>
        <line num="27" count="68" type="stmt"/>
        <line num="28" count="2" type="stmt"/>
        <line num="29" count="2" type="stmt"/>
        <line num="30" count="2" type="stmt"/>
        <line num="31" count="2" type="stmt"/>
        <line num="34" count="68" type="stmt"/>
        <line num="41" count="5" type="stmt"/>
        <line num="47" count="30" type="stmt"/>
      </file>
      <file name="Event.jsx" path="/Users/mariemuhire/careerfoundry/meet/src/components/Event.jsx">
        <metrics statements="4" coveredstatements="4" conditionals="6" coveredconditionals="5" methods="3" coveredmethods="3"/>
        <line num="3" count="4" type="stmt"/>
        <line num="4" count="234" type="stmt"/>
        <line num="6" count="234" type="stmt"/>
        <line num="18" count="3" type="stmt"/>
      </file>
      <file name="EventList.jsx" path="/Users/mariemuhire/careerfoundry/meet/src/components/EventList.jsx">
        <metrics statements="3" coveredstatements="3" conditionals="6" coveredconditionals="2" methods="2" coveredmethods="2"/>
        <line num="5" count="3" type="stmt"/>
        <line num="6" count="21" type="stmt"/>
        <line num="10" count="227" type="stmt"/>
      </file>
      <file name="NumberOfEvents.jsx" path="/Users/mariemuhire/careerfoundry/meet/src/components/NumberOfEvents.jsx">
        <metrics statements="5" coveredstatements="5" conditionals="4" coveredconditionals="4" methods="2" coveredmethods="2"/>
        <line num="3" count="4" type="stmt"/>
        <line num="4" count="22" type="stmt"/>
        <line num="5" count="6" type="stmt"/>
        <line num="7" count="6" type="cond" truecount="2" falsecount="0"/>
        <line num="10" count="22" type="stmt"/>
      </file>
    </package>
  </project>
</coverage>
