<?xml version="1.0" encoding="UTF-8"?>
<coverage generated="1748559298183" clover="3.2.0">
  <project timestamp="1748559298183" name="All files">
    <metrics statements="93" coveredstatements="58" conditionals="46" coveredconditionals="23" methods="25" coveredmethods="21" elements="164" coveredelements="102" complexity="0" loc="93" ncloc="93" packages="2" files="7" classes="7"/>
    <package name="src">
      <metrics statements="61" coveredstatements="26" conditionals="24" coveredconditionals="3" methods="11" coveredmethods="7"/>
      <file name="App.jsx" path="/Users/mariemuhire/careerfoundry/meet/src/App.jsx">
        <metrics statements="14" coveredstatements="14" conditionals="2" coveredconditionals="2" methods="4" coveredmethods="4"/>
        <line num="9" count="3" type="stmt"/>
        <line num="10" count="23" type="stmt"/>
        <line num="11" count="22" type="stmt"/>
        <line num="12" count="22" type="stmt"/>
        <line num="13" count="22" type="stmt"/>
        <line num="16" count="22" type="stmt"/>
        <line num="17" count="12" type="stmt"/>
        <line num="18" count="12" type="stmt"/>
        <line num="19" count="12" type="cond" truecount="2" falsecount="0"/>
        <line num="21" count="37" type="stmt"/>
        <line num="22" count="12" type="stmt"/>
        <line num="23" count="12" type="stmt"/>
        <line num="25" count="12" type="stmt"/>
        <line num="29" count="22" type="stmt"/>
      </file>
      <file name="api.js" path="/Users/mariemuhire/careerfoundry/meet/src/api.js">
        <metrics statements="46" coveredstatements="11" conditionals="22" coveredconditionals="1" methods="7" coveredmethods="3"/>
        <line num="12" count="2" type="stmt"/>
        <line num="13" count="5" type="stmt"/>
        <line num="14" count="5" type="stmt"/>
        <line num="15" count="5" type="stmt"/>
        <line num="18" count="2" type="stmt"/>
        <line num="19" count="0" type="stmt"/>
        <line num="22" count="0" type="stmt"/>
        <line num="23" count="0" type="stmt"/>
        <line num="30" count="2" type="stmt"/>
        <line num="31" count="6" type="cond" truecount="1" falsecount="1"/>
        <line num="32" count="6" type="stmt"/>
        <line num="36" count="0" type="stmt"/>
        <line num="39" count="0" type="cond" truecount="0" falsecount="2"/>
        <line num="40" count="0" type="stmt"/>
        <line num="41" count="0" type="stmt"/>
        <line num="42" count="0" type="stmt"/>
        <line num="43" count="0" type="stmt"/>
        <line num="44" count="0" type="cond" truecount="0" falsecount="2"/>
        <line num="45" count="0" type="stmt"/>
        <line num="46" count="0" type="stmt"/>
        <line num="50" count="2" type="stmt"/>
        <line num="51" count="0" type="stmt"/>
        <line num="52" count="0" type="cond" truecount="0" falsecount="2"/>
        <line num="55" count="0" type="cond" truecount="0" falsecount="4"/>
        <line num="56" count="0" type="stmt"/>
        <line num="57" count="0" type="stmt"/>
        <line num="58" count="0" type="stmt"/>
        <line num="59" count="0" type="cond" truecount="0" falsecount="2"/>
        <line num="60" count="0" type="stmt"/>
        <line num="65" count="0" type="stmt"/>
        <line num="66" count="0" type="stmt"/>
        <line num="67" count="0" type="stmt"/>
        <line num="69" count="0" type="cond" truecount="0" falsecount="2"/>
        <line num="71" count="0" type="stmt"/>
        <line num="74" count="2" type="stmt"/>
        <line num="76" count="0" type="cond" truecount="0" falsecount="4"/>
        <line num="77" count="0" type="stmt"/>
        <line num="82" count="0" type="stmt"/>
        <line num="84" count="0" type="stmt"/>
        <line num="85" count="0" type="stmt"/>
        <line num="89" count="2" type="stmt"/>
        <line num="90" count="0" type="stmt"/>
        <line num="91" count="0" type="stmt"/>
        <line num="94" count="0" type="stmt"/>
        <line num="95" count="0" type="cond" truecount="0" falsecount="2"/>
        <line num="98" count="0" type="stmt"/>
      </file>
      <file name="mock-data.js" path="/Users/mariemuhire/careerfoundry/meet/src/mock-data.js">
        <metrics statements="1" coveredstatements="1" conditionals="0" coveredconditionals="0" methods="0" coveredmethods="0"/>
        <line num="1" count="3" type="stmt"/>
      </file>
    </package>
    <package name="src.components">
      <metrics statements="32" coveredstatements="32" conditionals="22" coveredconditionals="20" methods="14" coveredmethods="14"/>
      <file name="CitySearch.jsx" path="/Users/mariemuhire/careerfoundry/meet/src/components/CitySearch.jsx">
        <metrics statements="20" coveredstatements="20" conditionals="6" coveredconditionals="5" methods="7" coveredmethods="7"/>
        <line num="4" count="3" type="stmt"/>
        <line num="5" count="73" type="stmt"/>
        <line num="6" count="73" type="stmt"/>
        <line num="7" count="73" type="stmt"/>
        <line num="10" count="73" type="stmt"/>
        <line num="11" count="22" type="stmt"/>
        <line num="14" count="73" type="stmt"/>
        <line num="15" count="18" type="stmt"/>
        <line num="16" count="18" type="cond" truecount="1" falsecount="1"/>
        <line num="18" count="30" type="cond" truecount="2" falsecount="0"/>
        <line num="23" count="18" type="stmt"/>
        <line num="24" count="18" type="stmt"/>
        <line num="27" count="73" type="stmt"/>
        <line num="28" count="2" type="stmt"/>
        <line num="29" count="2" type="stmt"/>
        <line num="30" count="2" type="stmt"/>
        <line num="31" count="2" type="stmt"/>
        <line num="34" count="73" type="stmt"/>
        <line num="41" count="5" type="stmt"/>
        <line num="47" count="12" type="stmt"/>
      </file>
      <file name="Event.jsx" path="/Users/mariemuhire/careerfoundry/meet/src/components/Event.jsx">
        <metrics statements="4" coveredstatements="4" conditionals="6" coveredconditionals="6" methods="3" coveredmethods="3"/>
        <line num="3" count="4" type="stmt"/>
        <line num="4" count="206" type="stmt"/>
        <line num="6" count="206" type="stmt"/>
        <line num="18" count="3" type="stmt"/>
      </file>
      <file name="EventList.jsx" path="/Users/mariemuhire/careerfoundry/meet/src/components/EventList.jsx">
        <metrics statements="3" coveredstatements="3" conditionals="6" coveredconditionals="5" methods="2" coveredmethods="2"/>
        <line num="5" count="3" type="stmt"/>
        <line num="6" count="24" type="stmt"/>
        <line num="10" count="199" type="stmt"/>
      </file>
      <file name="NumberOfEvents.jsx" path="/Users/mariemuhire/careerfoundry/meet/src/components/NumberOfEvents.jsx">
        <metrics statements="5" coveredstatements="5" conditionals="4" coveredconditionals="4" methods="2" coveredmethods="2"/>
        <line num="3" count="4" type="stmt"/>
        <line num="4" count="25" type="stmt"/>
        <line num="5" count="7" type="stmt"/>
        <line num="6" count="7" type="cond" truecount="2" falsecount="0"/>
        <line num="9" count="25" type="stmt"/>
      </file>
    </package>
  </project>
</coverage>
