{"/Users/mariemuhire/careerfoundry/meet/src/App.jsx": {"path":"/Users/mariemuhire/careerfoundry/meet/src/App.jsx","statementMap":{"0":{"start":{"line":9,"column":12},"end":{"line":36,"column":1}},"1":{"start":{"line":10,"column":30},"end":{"line":10,"column":42}},"2":{"start":{"line":11,"column":38},"end":{"line":11,"column":50}},"3":{"start":{"line":12,"column":42},"end":{"line":12,"column":54}},"4":{"start":{"line":13,"column":40},"end":{"line":13,"column":66}},"5":{"start":{"line":16,"column":0},"end":{"line":26,"column":30}},"6":{"start":{"line":17,"column":20},"end":{"line":24,"column":3}},"7":{"start":{"line":18,"column":22},"end":{"line":18,"column":39}},"8":{"start":{"line":19,"column":27},"end":{"line":21,"column":65}},"9":{"start":{"line":21,"column":34},"end":{"line":21,"column":64}},"10":{"start":{"line":22,"column":4},"end":{"line":22,"column":51}},"11":{"start":{"line":23,"column":4},"end":{"line":23,"column":49}},"12":{"start":{"line":25,"column":2},"end":{"line":25,"column":14}},"13":{"start":{"line":29,"column":2},"end":{"line":35,"column":3}}},"fnMap":{"0":{"name":"(anonymous_0)","decl":{"start":{"line":9,"column":12},"end":{"line":9,"column":13}},"loc":{"start":{"line":9,"column":18},"end":{"line":36,"column":1}},"line":9},"1":{"name":"(anonymous_1)","decl":{"start":{"line":16,"column":10},"end":{"line":16,"column":11}},"loc":{"start":{"line":16,"column":16},"end":{"line":26,"column":1}},"line":16},"2":{"name":"(anonymous_2)","decl":{"start":{"line":17,"column":20},"end":{"line":17,"column":21}},"loc":{"start":{"line":17,"column":32},"end":{"line":24,"column":3}},"line":17},"3":{"name":"(anonymous_3)","decl":{"start":{"line":21,"column":25},"end":{"line":21,"column":26}},"loc":{"start":{"line":21,"column":34},"end":{"line":21,"column":64}},"line":21}},"branchMap":{"0":{"loc":{"start":{"line":19,"column":27},"end":{"line":21,"column":65}},"type":"cond-expr","locations":[{"start":{"line":20,"column":8},"end":{"line":20,"column":17}},{"start":{"line":21,"column":8},"end":{"line":21,"column":65}}],"line":19}},"s":{"0":3,"1":23,"2":22,"3":22,"4":22,"5":22,"6":12,"7":12,"8":12,"9":37,"10":12,"11":12,"12":12,"13":22},"f":{"0":23,"1":12,"2":12,"3":37},"b":{"0":[11,1]},"_coverageSchema":"1a1c01bbd47fc00a2c39e90264f33305004495a9","hash":"95bfabf02a236060a1af4fc1545dcd75c692d55c"}
,"/Users/mariemuhire/careerfoundry/meet/src/api.js": {"path":"/Users/mariemuhire/careerfoundry/meet/src/api.js","statementMap":{"0":{"start":{"line":12,"column":32},"end":{"line":16,"column":1}},"1":{"start":{"line":13,"column":29},"end":{"line":13,"column":66}},"2":{"start":{"line":13,"column":51},"end":{"line":13,"column":65}},"3":{"start":{"line":14,"column":20},"end":{"line":14,"column":52}},"4":{"start":{"line":15,"column":2},"end":{"line":15,"column":19}},"5":{"start":{"line":18,"column":19},"end":{"line":24,"column":1}},"6":{"start":{"line":19,"column":18},"end":{"line":21,"column":2}},"7":{"start":{"line":22,"column":16},"end":{"line":22,"column":37}},"8":{"start":{"line":23,"column":1},"end":{"line":23,"column":15}},"9":{"start":{"line":30,"column":25},"end":{"line":48,"column":1}},"10":{"start":{"line":31,"column":1},"end":{"line":33,"column":2}},"11":{"start":{"line":32,"column":3},"end":{"line":32,"column":19}},"12":{"start":{"line":36,"column":15},"end":{"line":36,"column":37}},"13":{"start":{"line":39,"column":1},"end":{"line":47,"column":2}},"14":{"start":{"line":40,"column":3},"end":{"line":40,"column":17}},"15":{"start":{"line":41,"column":16},"end":{"line":41,"column":105}},"16":{"start":{"line":42,"column":20},"end":{"line":42,"column":36}},"17":{"start":{"line":43,"column":18},"end":{"line":43,"column":39}},"18":{"start":{"line":44,"column":3},"end":{"line":46,"column":22}},"19":{"start":{"line":45,"column":5},"end":{"line":45,"column":26}},"20":{"start":{"line":46,"column":10},"end":{"line":46,"column":22}},"21":{"start":{"line":50,"column":30},"end":{"line":72,"column":1}},"22":{"start":{"line":51,"column":22},"end":{"line":51,"column":58}},"23":{"start":{"line":52,"column":21},"end":{"line":52,"column":67}},"24":{"start":{"line":55,"column":1},"end":{"line":70,"column":2}},"25":{"start":{"line":56,"column":3},"end":{"line":56,"column":49}},"26":{"start":{"line":57,"column":24},"end":{"line":57,"column":67}},"27":{"start":{"line":58,"column":16},"end":{"line":58,"column":46}},"28":{"start":{"line":59,"column":3},"end":{"line":68,"column":4}},"29":{"start":{"line":60,"column":22},"end":{"line":62,"column":6}},"30":{"start":{"line":65,"column":20},"end":{"line":65,"column":41}},"31":{"start":{"line":66,"column":25},"end":{"line":66,"column":31}},"32":{"start":{"line":67,"column":5},"end":{"line":67,"column":45}},"33":{"start":{"line":69,"column":3},"end":{"line":69,"column":33}},"34":{"start":{"line":71,"column":1},"end":{"line":71,"column":19}},"35":{"start":{"line":74,"column":20},"end":{"line":87,"column":1}},"36":{"start":{"line":76,"column":1},"end":{"line":86,"column":2}},"37":{"start":{"line":77,"column":3},"end":{"line":81,"column":30}},"38":{"start":{"line":82,"column":3},"end":{"line":82,"column":44}},"39":{"start":{"line":84,"column":3},"end":{"line":84,"column":67}},"40":{"start":{"line":85,"column":3},"end":{"line":85,"column":44}},"41":{"start":{"line":89,"column":17},"end":{"line":99,"column":1}},"42":{"start":{"line":90,"column":20},"end":{"line":90,"column":44}},"43":{"start":{"line":91,"column":18},"end":{"line":93,"column":2}},"44":{"start":{"line":94,"column":26},"end":{"line":94,"column":47}},"45":{"start":{"line":95,"column":1},"end":{"line":95,"column":68}},"46":{"start":{"line":98,"column":1},"end":{"line":98,"column":21}}},"fnMap":{"0":{"name":"(anonymous_0)","decl":{"start":{"line":12,"column":32},"end":{"line":12,"column":33}},"loc":{"start":{"line":12,"column":44},"end":{"line":16,"column":1}},"line":12},"1":{"name":"(anonymous_1)","decl":{"start":{"line":13,"column":40},"end":{"line":13,"column":41}},"loc":{"start":{"line":13,"column":51},"end":{"line":13,"column":65}},"line":13},"2":{"name":"(anonymous_2)","decl":{"start":{"line":18,"column":19},"end":{"line":18,"column":20}},"loc":{"start":{"line":18,"column":42},"end":{"line":24,"column":1}},"line":18},"3":{"name":"(anonymous_3)","decl":{"start":{"line":30,"column":25},"end":{"line":30,"column":26}},"loc":{"start":{"line":30,"column":37},"end":{"line":48,"column":1}},"line":30},"4":{"name":"(anonymous_4)","decl":{"start":{"line":50,"column":30},"end":{"line":50,"column":31}},"loc":{"start":{"line":50,"column":42},"end":{"line":72,"column":1}},"line":50},"5":{"name":"(anonymous_5)","decl":{"start":{"line":74,"column":20},"end":{"line":74,"column":21}},"loc":{"start":{"line":74,"column":26},"end":{"line":87,"column":1}},"line":74},"6":{"name":"(anonymous_6)","decl":{"start":{"line":89,"column":17},"end":{"line":89,"column":18}},"loc":{"start":{"line":89,"column":33},"end":{"line":99,"column":1}},"line":89}},"branchMap":{"0":{"loc":{"start":{"line":31,"column":1},"end":{"line":33,"column":2}},"type":"if","locations":[{"start":{"line":31,"column":1},"end":{"line":33,"column":2}},{"start":{},"end":{}}],"line":31},"1":{"loc":{"start":{"line":39,"column":1},"end":{"line":47,"column":2}},"type":"if","locations":[{"start":{"line":39,"column":1},"end":{"line":47,"column":2}},{"start":{},"end":{}}],"line":39},"2":{"loc":{"start":{"line":44,"column":3},"end":{"line":46,"column":22}},"type":"if","locations":[{"start":{"line":44,"column":3},"end":{"line":46,"column":22}},{"start":{"line":46,"column":10},"end":{"line":46,"column":22}}],"line":44},"3":{"loc":{"start":{"line":52,"column":21},"end":{"line":52,"column":67}},"type":"binary-expr","locations":[{"start":{"line":52,"column":21},"end":{"line":52,"column":32}},{"start":{"line":52,"column":37},"end":{"line":52,"column":66}}],"line":52},"4":{"loc":{"start":{"line":55,"column":1},"end":{"line":70,"column":2}},"type":"if","locations":[{"start":{"line":55,"column":1},"end":{"line":70,"column":2}},{"start":{},"end":{}}],"line":55},"5":{"loc":{"start":{"line":55,"column":5},"end":{"line":55,"column":37}},"type":"binary-expr","locations":[{"start":{"line":55,"column":5},"end":{"line":55,"column":17}},{"start":{"line":55,"column":21},"end":{"line":55,"column":37}}],"line":55},"6":{"loc":{"start":{"line":59,"column":3},"end":{"line":68,"column":4}},"type":"if","locations":[{"start":{"line":59,"column":3},"end":{"line":68,"column":4}},{"start":{},"end":{}}],"line":59},"7":{"loc":{"start":{"line":69,"column":10},"end":{"line":69,"column":32}},"type":"binary-expr","locations":[{"start":{"line":69,"column":10},"end":{"line":69,"column":14}},{"start":{"line":69,"column":18},"end":{"line":69,"column":32}}],"line":69},"8":{"loc":{"start":{"line":76,"column":1},"end":{"line":86,"column":2}},"type":"if","locations":[{"start":{"line":76,"column":1},"end":{"line":86,"column":2}},{"start":{"line":83,"column":8},"end":{"line":86,"column":2}}],"line":76},"9":{"loc":{"start":{"line":76,"column":5},"end":{"line":76,"column":57}},"type":"binary-expr","locations":[{"start":{"line":76,"column":5},"end":{"line":76,"column":29}},{"start":{"line":76,"column":33},"end":{"line":76,"column":57}}],"line":76},"10":{"loc":{"start":{"line":95,"column":1},"end":{"line":95,"column":67}},"type":"binary-expr","locations":[{"start":{"line":95,"column":1},"end":{"line":95,"column":13}},{"start":{"line":95,"column":17},"end":{"line":95,"column":67}}],"line":95}},"s":{"0":2,"1":5,"2":5,"3":5,"4":5,"5":2,"6":0,"7":0,"8":0,"9":2,"10":6,"11":6,"12":0,"13":0,"14":0,"15":0,"16":0,"17":0,"18":0,"19":0,"20":0,"21":2,"22":0,"23":0,"24":0,"25":0,"26":0,"27":0,"28":0,"29":0,"30":0,"31":0,"32":0,"33":0,"34":0,"35":2,"36":0,"37":0,"38":0,"39":0,"40":0,"41":2,"42":0,"43":0,"44":0,"45":0,"46":0},"f":{"0":5,"1":5,"2":0,"3":6,"4":0,"5":0,"6":0},"b":{"0":[6,0],"1":[0,0],"2":[0,0],"3":[0,0],"4":[0,0],"5":[0,0],"6":[0,0],"7":[0,0],"8":[0,0],"9":[0,0],"10":[0,0]},"_coverageSchema":"1a1c01bbd47fc00a2c39e90264f33305004495a9","hash":"71401c6692d29c0fec35df6320f3eb7027e1d525"}
,"/Users/mariemuhire/careerfoundry/meet/src/mock-data.js": {"path":"/Users/mariemuhire/careerfoundry/meet/src/mock-data.js","statementMap":{"0":{"start":{"line":1,"column":17},"end":{"line":1488,"column":2}}},"fnMap":{},"branchMap":{},"s":{"0":3},"f":{},"b":{},"_coverageSchema":"1a1c01bbd47fc00a2c39e90264f33305004495a9","hash":"62dc775082ea002c004d4a5e131c103179778e17"}
,"/Users/mariemuhire/careerfoundry/meet/src/components/CitySearch.jsx": {"path":"/Users/mariemuhire/careerfoundry/meet/src/components/CitySearch.jsx","statementMap":{"0":{"start":{"line":4,"column":19},"end":{"line":62,"column":1}},"1":{"start":{"line":5,"column":48},"end":{"line":5,"column":63}},"2":{"start":{"line":6,"column":28},"end":{"line":6,"column":40}},"3":{"start":{"line":7,"column":40},"end":{"line":7,"column":52}},"4":{"start":{"line":10,"column":2},"end":{"line":12,"column":21}},"5":{"start":{"line":11,"column":4},"end":{"line":11,"column":33}},"6":{"start":{"line":14,"column":29},"end":{"line":25,"column":3}},"7":{"start":{"line":15,"column":18},"end":{"line":15,"column":36}},"8":{"start":{"line":16,"column":30},"end":{"line":21,"column":10}},"9":{"start":{"line":18,"column":10},"end":{"line":19,"column":62}},"10":{"start":{"line":23,"column":4},"end":{"line":23,"column":20}},"11":{"start":{"line":24,"column":4},"end":{"line":24,"column":38}},"12":{"start":{"line":27,"column":27},"end":{"line":32,"column":2}},"13":{"start":{"line":28,"column":17},"end":{"line":28,"column":41}},"14":{"start":{"line":29,"column":3},"end":{"line":29,"column":19}},"15":{"start":{"line":30,"column":3},"end":{"line":30,"column":29}},"16":{"start":{"line":31,"column":3},"end":{"line":31,"column":25}},"17":{"start":{"line":34,"column":2},"end":{"line":61,"column":4}},"18":{"start":{"line":41,"column":23},"end":{"line":41,"column":47}},"19":{"start":{"line":47,"column":4},"end":{"line":53,"column":9}}},"fnMap":{"0":{"name":"(anonymous_0)","decl":{"start":{"line":4,"column":19},"end":{"line":4,"column":20}},"loc":{"start":{"line":4,"column":57},"end":{"line":62,"column":1}},"line":4},"1":{"name":"(anonymous_1)","decl":{"start":{"line":10,"column":12},"end":{"line":10,"column":13}},"loc":{"start":{"line":10,"column":18},"end":{"line":12,"column":3}},"line":10},"2":{"name":"(anonymous_2)","decl":{"start":{"line":14,"column":29},"end":{"line":14,"column":30}},"loc":{"start":{"line":14,"column":40},"end":{"line":25,"column":3}},"line":14},"3":{"name":"(anonymous_3)","decl":{"start":{"line":17,"column":28},"end":{"line":17,"column":29}},"loc":{"start":{"line":18,"column":10},"end":{"line":19,"column":62}},"line":18},"4":{"name":"(anonymous_4)","decl":{"start":{"line":27,"column":27},"end":{"line":27,"column":28}},"loc":{"start":{"line":27,"column":38},"end":{"line":32,"column":2}},"line":27},"5":{"name":"(anonymous_5)","decl":{"start":{"line":41,"column":17},"end":{"line":41,"column":18}},"loc":{"start":{"line":41,"column":23},"end":{"line":41,"column":47}},"line":41},"6":{"name":"(anonymous_6)","decl":{"start":{"line":46,"column":19},"end":{"line":46,"column":20}},"loc":{"start":{"line":47,"column":4},"end":{"line":53,"column":9}},"line":47}},"branchMap":{"0":{"loc":{"start":{"line":16,"column":30},"end":{"line":21,"column":10}},"type":"cond-expr","locations":[{"start":{"line":17,"column":8},"end":{"line":20,"column":9}},{"start":{"line":21,"column":8},"end":{"line":21,"column":10}}],"line":16},"1":{"loc":{"start":{"line":18,"column":10},"end":{"line":19,"column":62}},"type":"binary-expr","locations":[{"start":{"line":18,"column":10},"end":{"line":18,"column":38}},{"start":{"line":19,"column":10},"end":{"line":19,"column":62}}],"line":18},"2":{"loc":{"start":{"line":44,"column":7},"end":{"line":59,"column":7}},"type":"binary-expr","locations":[{"start":{"line":44,"column":7},"end":{"line":44,"column":22}},{"start":{"line":45,"column":8},"end":{"line":58,"column":5}}],"line":44}},"s":{"0":3,"1":73,"2":73,"3":73,"4":73,"5":22,"6":73,"7":18,"8":18,"9":30,"10":18,"11":18,"12":73,"13":2,"14":2,"15":2,"16":2,"17":73,"18":5,"19":12},"f":{"0":73,"1":22,"2":18,"3":30,"4":2,"5":5,"6":12},"b":{"0":[18,0],"1":[30,18],"2":[73,23]},"_coverageSchema":"1a1c01bbd47fc00a2c39e90264f33305004495a9","hash":"2edcbf71844f26fdfa6c13bba507139df912d345"}
,"/Users/mariemuhire/careerfoundry/meet/src/components/Event.jsx": {"path":"/Users/mariemuhire/careerfoundry/meet/src/components/Event.jsx","statementMap":{"0":{"start":{"line":3,"column":14},"end":{"line":23,"column":1}},"1":{"start":{"line":4,"column":40},"end":{"line":4,"column":55}},"2":{"start":{"line":6,"column":2},"end":{"line":22,"column":4}},"3":{"start":{"line":18,"column":29},"end":{"line":18,"column":58}},"4":{"start":{"line":18,"column":52},"end":{"line":18,"column":57}}},"fnMap":{"0":{"name":"(anonymous_0)","decl":{"start":{"line":3,"column":14},"end":{"line":3,"column":15}},"loc":{"start":{"line":3,"column":29},"end":{"line":23,"column":1}},"line":3},"1":{"name":"(anonymous_1)","decl":{"start":{"line":18,"column":23},"end":{"line":18,"column":24}},"loc":{"start":{"line":18,"column":29},"end":{"line":18,"column":58}},"line":18},"2":{"name":"(anonymous_2)","decl":{"start":{"line":18,"column":44},"end":{"line":18,"column":45}},"loc":{"start":{"line":18,"column":52},"end":{"line":18,"column":57}},"line":18}},"branchMap":{"0":{"loc":{"start":{"line":9,"column":9},"end":{"line":9,"column":43}},"type":"binary-expr","locations":[{"start":{"line":9,"column":9},"end":{"line":9,"column":30}},{"start":{"line":9,"column":34},"end":{"line":9,"column":43}}],"line":9},"1":{"loc":{"start":{"line":12,"column":7},"end":{"line":16,"column":7}},"type":"binary-expr","locations":[{"start":{"line":12,"column":7},"end":{"line":12,"column":18}},{"start":{"line":13,"column":8},"end":{"line":15,"column":14}}],"line":12},"2":{"loc":{"start":{"line":19,"column":9},"end":{"line":19,"column":54}},"type":"cond-expr","locations":[{"start":{"line":19,"column":23},"end":{"line":19,"column":37}},{"start":{"line":19,"column":40},"end":{"line":19,"column":54}}],"line":19}},"s":{"0":4,"1":206,"2":206,"3":3,"4":3},"f":{"0":206,"1":3,"2":3},"b":{"0":[206,3],"1":[206,2],"2":[2,204]},"_coverageSchema":"1a1c01bbd47fc00a2c39e90264f33305004495a9","hash":"64eaa216fcc102b84bcb895b2f036c9e1c7cd992"}
,"/Users/mariemuhire/careerfoundry/meet/src/components/EventList.jsx": {"path":"/Users/mariemuhire/careerfoundry/meet/src/components/EventList.jsx","statementMap":{"0":{"start":{"line":5,"column":18},"end":{"line":19,"column":1}},"1":{"start":{"line":6,"column":2},"end":{"line":18,"column":4}},"2":{"start":{"line":10,"column":8},"end":{"line":13,"column":10}}},"fnMap":{"0":{"name":"(anonymous_0)","decl":{"start":{"line":5,"column":18},"end":{"line":5,"column":19}},"loc":{"start":{"line":5,"column":34},"end":{"line":19,"column":1}},"line":5},"1":{"name":"(anonymous_1)","decl":{"start":{"line":9,"column":17},"end":{"line":9,"column":18}},"loc":{"start":{"line":10,"column":8},"end":{"line":13,"column":10}},"line":10}},"branchMap":{"0":{"loc":{"start":{"line":8,"column":3},"end":{"line":15,"column":10}},"type":"cond-expr","locations":[{"start":{"line":9,"column":6},"end":{"line":14,"column":8}},{"start":{"line":15,"column":6},"end":{"line":15,"column":10}}],"line":8},"1":{"loc":{"start":{"line":11,"column":15},"end":{"line":11,"column":68}},"type":"binary-expr","locations":[{"start":{"line":11,"column":15},"end":{"line":11,"column":23}},{"start":{"line":11,"column":27},"end":{"line":11,"column":36}},{"start":{"line":11,"column":40},"end":{"line":11,"column":61}},{"start":{"line":11,"column":65},"end":{"line":11,"column":68}}],"line":11}},"s":{"0":3,"1":24,"2":199},"f":{"0":24,"1":199},"b":{"0":[24,0],"1":[199,3,3,3]},"_coverageSchema":"1a1c01bbd47fc00a2c39e90264f33305004495a9","hash":"8f9e40fb64815d52d8f6eb0053d7399fe361dc36"}
,"/Users/mariemuhire/careerfoundry/meet/src/components/NumberOfEvents.jsx": {"path":"/Users/mariemuhire/careerfoundry/meet/src/components/NumberOfEvents.jsx","statementMap":{"0":{"start":{"line":3,"column":23},"end":{"line":21,"column":1}},"1":{"start":{"line":4,"column":29},"end":{"line":7,"column":3}},"2":{"start":{"line":5,"column":18},"end":{"line":5,"column":36}},"3":{"start":{"line":6,"column":4},"end":{"line":6,"column":59}},"4":{"start":{"line":9,"column":2},"end":{"line":20,"column":4}}},"fnMap":{"0":{"name":"(anonymous_0)","decl":{"start":{"line":3,"column":23},"end":{"line":3,"column":24}},"loc":{"start":{"line":3,"column":58},"end":{"line":21,"column":1}},"line":3},"1":{"name":"(anonymous_1)","decl":{"start":{"line":4,"column":29},"end":{"line":4,"column":30}},"loc":{"start":{"line":4,"column":40},"end":{"line":7,"column":3}},"line":4}},"branchMap":{"0":{"loc":{"start":{"line":6,"column":18},"end":{"line":6,"column":57}},"type":"cond-expr","locations":[{"start":{"line":6,"column":33},"end":{"line":6,"column":35}},{"start":{"line":6,"column":38},"end":{"line":6,"column":57}}],"line":6},"1":{"loc":{"start":{"line":16,"column":15},"end":{"line":16,"column":50}},"type":"cond-expr","locations":[{"start":{"line":16,"column":35},"end":{"line":16,"column":37}},{"start":{"line":16,"column":40},"end":{"line":16,"column":50}}],"line":16}},"s":{"0":4,"1":25,"2":7,"3":7,"4":25},"f":{"0":25,"1":7},"b":{"0":[2,5],"1":[2,23]},"_coverageSchema":"1a1c01bbd47fc00a2c39e90264f33305004495a9","hash":"de2a99df36aede5173f169d5198f2319c5314c83"}
}
