{"/Users/mariemuhire/careerfoundry/meet/src/App.jsx": {"path":"/Users/mariemuhire/careerfoundry/meet/src/App.jsx","statementMap":{"0":{"start":{"line":9,"column":12},"end":{"line":36,"column":1}},"1":{"start":{"line":10,"column":30},"end":{"line":10,"column":42}},"2":{"start":{"line":11,"column":38},"end":{"line":11,"column":50}},"3":{"start":{"line":12,"column":42},"end":{"line":12,"column":54}},"4":{"start":{"line":13,"column":40},"end":{"line":13,"column":66}},"5":{"start":{"line":16,"column":0},"end":{"line":26,"column":30}},"6":{"start":{"line":17,"column":20},"end":{"line":24,"column":3}},"7":{"start":{"line":18,"column":22},"end":{"line":18,"column":39}},"8":{"start":{"line":19,"column":27},"end":{"line":21,"column":65}},"9":{"start":{"line":21,"column":34},"end":{"line":21,"column":64}},"10":{"start":{"line":22,"column":4},"end":{"line":22,"column":51}},"11":{"start":{"line":23,"column":4},"end":{"line":23,"column":49}},"12":{"start":{"line":25,"column":2},"end":{"line":25,"column":14}},"13":{"start":{"line":29,"column":2},"end":{"line":35,"column":3}}},"fnMap":{"0":{"name":"(anonymous_0)","decl":{"start":{"line":9,"column":12},"end":{"line":9,"column":13}},"loc":{"start":{"line":9,"column":18},"end":{"line":36,"column":1}},"line":9},"1":{"name":"(anonymous_1)","decl":{"start":{"line":16,"column":10},"end":{"line":16,"column":11}},"loc":{"start":{"line":16,"column":16},"end":{"line":26,"column":1}},"line":16},"2":{"name":"(anonymous_2)","decl":{"start":{"line":17,"column":20},"end":{"line":17,"column":21}},"loc":{"start":{"line":17,"column":32},"end":{"line":24,"column":3}},"line":17},"3":{"name":"(anonymous_3)","decl":{"start":{"line":21,"column":25},"end":{"line":21,"column":26}},"loc":{"start":{"line":21,"column":34},"end":{"line":21,"column":64}},"line":21}},"branchMap":{"0":{"loc":{"start":{"line":19,"column":27},"end":{"line":21,"column":65}},"type":"cond-expr","locations":[{"start":{"line":20,"column":8},"end":{"line":20,"column":17}},{"start":{"line":21,"column":8},"end":{"line":21,"column":65}}],"line":19}},"s":{"0":3,"1":20,"2":19,"3":19,"4":19,"5":19,"6":11,"7":11,"8":11,"9":37,"10":11,"11":11,"12":11,"13":19},"f":{"0":20,"1":11,"2":11,"3":37},"b":{"0":[10,1]},"_coverageSchema":"1a1c01bbd47fc00a2c39e90264f33305004495a9","hash":"95bfabf02a236060a1af4fc1545dcd75c692d55c"}
,"/Users/mariemuhire/careerfoundry/meet/src/api.js": {"path":"/Users/mariemuhire/careerfoundry/meet/src/api.js","statementMap":{"0":{"start":{"line":12,"column":32},"end":{"line":16,"column":1}},"1":{"start":{"line":13,"column":29},"end":{"line":13,"column":66}},"2":{"start":{"line":13,"column":51},"end":{"line":13,"column":65}},"3":{"start":{"line":14,"column":20},"end":{"line":14,"column":52}},"4":{"start":{"line":15,"column":2},"end":{"line":15,"column":19}},"5":{"start":{"line":23,"column":25},"end":{"line":25,"column":1}},"6":{"start":{"line":24,"column":2},"end":{"line":24,"column":27}}},"fnMap":{"0":{"name":"(anonymous_0)","decl":{"start":{"line":12,"column":32},"end":{"line":12,"column":33}},"loc":{"start":{"line":12,"column":44},"end":{"line":16,"column":1}},"line":12},"1":{"name":"(anonymous_1)","decl":{"start":{"line":13,"column":40},"end":{"line":13,"column":41}},"loc":{"start":{"line":13,"column":51},"end":{"line":13,"column":65}},"line":13},"2":{"name":"(anonymous_2)","decl":{"start":{"line":23,"column":25},"end":{"line":23,"column":26}},"loc":{"start":{"line":23,"column":37},"end":{"line":25,"column":1}},"line":23}},"branchMap":{},"s":{"0":3,"1":14,"2":518,"3":14,"4":14,"5":3,"6":16},"f":{"0":14,"1":518,"2":16},"b":{},"_coverageSchema":"1a1c01bbd47fc00a2c39e90264f33305004495a9","hash":"5e5eb8c57a1fcbed2e6645771cdce14a285157b6"}
,"/Users/mariemuhire/careerfoundry/meet/src/mock-data.js": {"path":"/Users/mariemuhire/careerfoundry/meet/src/mock-data.js","statementMap":{"0":{"start":{"line":1,"column":17},"end":{"line":1488,"column":2}}},"fnMap":{},"branchMap":{},"s":{"0":3},"f":{},"b":{},"_coverageSchema":"1a1c01bbd47fc00a2c39e90264f33305004495a9","hash":"62dc775082ea002c004d4a5e131c103179778e17"}
,"/Users/mariemuhire/careerfoundry/meet/src/components/CitySearch.jsx": {"path":"/Users/mariemuhire/careerfoundry/meet/src/components/CitySearch.jsx","statementMap":{"0":{"start":{"line":4,"column":19},"end":{"line":58,"column":1}},"1":{"start":{"line":5,"column":48},"end":{"line":5,"column":63}},"2":{"start":{"line":6,"column":28},"end":{"line":6,"column":40}},"3":{"start":{"line":7,"column":40},"end":{"line":7,"column":52}},"4":{"start":{"line":10,"column":2},"end":{"line":12,"column":21}},"5":{"start":{"line":11,"column":4},"end":{"line":11,"column":33}},"6":{"start":{"line":14,"column":29},"end":{"line":25,"column":3}},"7":{"start":{"line":15,"column":18},"end":{"line":15,"column":36}},"8":{"start":{"line":16,"column":30},"end":{"line":21,"column":10}},"9":{"start":{"line":18,"column":10},"end":{"line":19,"column":62}},"10":{"start":{"line":23,"column":4},"end":{"line":23,"column":20}},"11":{"start":{"line":24,"column":4},"end":{"line":24,"column":38}},"12":{"start":{"line":27,"column":27},"end":{"line":32,"column":2}},"13":{"start":{"line":28,"column":17},"end":{"line":28,"column":41}},"14":{"start":{"line":29,"column":3},"end":{"line":29,"column":19}},"15":{"start":{"line":30,"column":3},"end":{"line":30,"column":29}},"16":{"start":{"line":31,"column":3},"end":{"line":31,"column":25}},"17":{"start":{"line":34,"column":2},"end":{"line":57,"column":4}},"18":{"start":{"line":41,"column":23},"end":{"line":41,"column":47}},"19":{"start":{"line":47,"column":12},"end":{"line":49,"column":17}}},"fnMap":{"0":{"name":"(anonymous_0)","decl":{"start":{"line":4,"column":19},"end":{"line":4,"column":20}},"loc":{"start":{"line":4,"column":57},"end":{"line":58,"column":1}},"line":4},"1":{"name":"(anonymous_1)","decl":{"start":{"line":10,"column":12},"end":{"line":10,"column":13}},"loc":{"start":{"line":10,"column":18},"end":{"line":12,"column":3}},"line":10},"2":{"name":"(anonymous_2)","decl":{"start":{"line":14,"column":29},"end":{"line":14,"column":30}},"loc":{"start":{"line":14,"column":40},"end":{"line":25,"column":3}},"line":14},"3":{"name":"(anonymous_3)","decl":{"start":{"line":17,"column":28},"end":{"line":17,"column":29}},"loc":{"start":{"line":18,"column":10},"end":{"line":19,"column":62}},"line":18},"4":{"name":"(anonymous_4)","decl":{"start":{"line":27,"column":27},"end":{"line":27,"column":28}},"loc":{"start":{"line":27,"column":38},"end":{"line":32,"column":2}},"line":27},"5":{"name":"(anonymous_5)","decl":{"start":{"line":41,"column":17},"end":{"line":41,"column":18}},"loc":{"start":{"line":41,"column":23},"end":{"line":41,"column":47}},"line":41},"6":{"name":"(anonymous_6)","decl":{"start":{"line":46,"column":27},"end":{"line":46,"column":28}},"loc":{"start":{"line":47,"column":12},"end":{"line":49,"column":17}},"line":47}},"branchMap":{"0":{"loc":{"start":{"line":16,"column":30},"end":{"line":21,"column":10}},"type":"cond-expr","locations":[{"start":{"line":17,"column":8},"end":{"line":20,"column":9}},{"start":{"line":21,"column":8},"end":{"line":21,"column":10}}],"line":16},"1":{"loc":{"start":{"line":18,"column":10},"end":{"line":19,"column":62}},"type":"binary-expr","locations":[{"start":{"line":18,"column":10},"end":{"line":18,"column":38}},{"start":{"line":19,"column":10},"end":{"line":19,"column":62}}],"line":18},"2":{"loc":{"start":{"line":44,"column":7},"end":{"line":55,"column":7}},"type":"binary-expr","locations":[{"start":{"line":44,"column":7},"end":{"line":44,"column":22}},{"start":{"line":45,"column":8},"end":{"line":54,"column":13}}],"line":44}},"s":{"0":3,"1":68,"2":68,"3":68,"4":68,"5":20,"6":68,"7":18,"8":18,"9":54,"10":18,"11":18,"12":68,"13":2,"14":2,"15":2,"16":2,"17":68,"18":5,"19":30},"f":{"0":68,"1":20,"2":18,"3":54,"4":2,"5":5,"6":30},"b":{"0":[18,0],"1":[54,54],"2":[68,23]},"_coverageSchema":"1a1c01bbd47fc00a2c39e90264f33305004495a9","hash":"745d04af66ad9cf89780e531f4a23f1f861a7e33"}
,"/Users/mariemuhire/careerfoundry/meet/src/components/Event.jsx": {"path":"/Users/mariemuhire/careerfoundry/meet/src/components/Event.jsx","statementMap":{"0":{"start":{"line":3,"column":14},"end":{"line":23,"column":1}},"1":{"start":{"line":4,"column":40},"end":{"line":4,"column":55}},"2":{"start":{"line":6,"column":2},"end":{"line":22,"column":4}},"3":{"start":{"line":18,"column":29},"end":{"line":18,"column":58}},"4":{"start":{"line":18,"column":52},"end":{"line":18,"column":57}}},"fnMap":{"0":{"name":"(anonymous_0)","decl":{"start":{"line":3,"column":14},"end":{"line":3,"column":15}},"loc":{"start":{"line":3,"column":29},"end":{"line":23,"column":1}},"line":3},"1":{"name":"(anonymous_1)","decl":{"start":{"line":18,"column":23},"end":{"line":18,"column":24}},"loc":{"start":{"line":18,"column":29},"end":{"line":18,"column":58}},"line":18},"2":{"name":"(anonymous_2)","decl":{"start":{"line":18,"column":44},"end":{"line":18,"column":45}},"loc":{"start":{"line":18,"column":52},"end":{"line":18,"column":57}},"line":18}},"branchMap":{"0":{"loc":{"start":{"line":9,"column":9},"end":{"line":9,"column":43}},"type":"binary-expr","locations":[{"start":{"line":9,"column":9},"end":{"line":9,"column":30}},{"start":{"line":9,"column":34},"end":{"line":9,"column":43}}],"line":9},"1":{"loc":{"start":{"line":12,"column":7},"end":{"line":16,"column":7}},"type":"binary-expr","locations":[{"start":{"line":12,"column":7},"end":{"line":12,"column":18}},{"start":{"line":13,"column":8},"end":{"line":15,"column":14}}],"line":12},"2":{"loc":{"start":{"line":19,"column":9},"end":{"line":19,"column":54}},"type":"cond-expr","locations":[{"start":{"line":19,"column":23},"end":{"line":19,"column":37}},{"start":{"line":19,"column":40},"end":{"line":19,"column":54}}],"line":19}},"s":{"0":4,"1":234,"2":234,"3":3,"4":3},"f":{"0":234,"1":3,"2":3},"b":{"0":[234,0],"1":[234,2],"2":[2,232]},"_coverageSchema":"1a1c01bbd47fc00a2c39e90264f33305004495a9","hash":"64eaa216fcc102b84bcb895b2f036c9e1c7cd992"}
,"/Users/mariemuhire/careerfoundry/meet/src/components/EventList.jsx": {"path":"/Users/mariemuhire/careerfoundry/meet/src/components/EventList.jsx","statementMap":{"0":{"start":{"line":5,"column":18},"end":{"line":19,"column":1}},"1":{"start":{"line":6,"column":2},"end":{"line":18,"column":4}},"2":{"start":{"line":10,"column":8},"end":{"line":13,"column":10}}},"fnMap":{"0":{"name":"(anonymous_0)","decl":{"start":{"line":5,"column":18},"end":{"line":5,"column":19}},"loc":{"start":{"line":5,"column":34},"end":{"line":19,"column":1}},"line":5},"1":{"name":"(anonymous_1)","decl":{"start":{"line":9,"column":17},"end":{"line":9,"column":18}},"loc":{"start":{"line":10,"column":8},"end":{"line":13,"column":10}},"line":10}},"branchMap":{"0":{"loc":{"start":{"line":8,"column":3},"end":{"line":15,"column":10}},"type":"cond-expr","locations":[{"start":{"line":9,"column":6},"end":{"line":14,"column":8}},{"start":{"line":15,"column":6},"end":{"line":15,"column":10}}],"line":8},"1":{"loc":{"start":{"line":11,"column":15},"end":{"line":11,"column":68}},"type":"binary-expr","locations":[{"start":{"line":11,"column":15},"end":{"line":11,"column":23}},{"start":{"line":11,"column":27},"end":{"line":11,"column":36}},{"start":{"line":11,"column":40},"end":{"line":11,"column":61}},{"start":{"line":11,"column":65},"end":{"line":11,"column":68}}],"line":11}},"s":{"0":3,"1":21,"2":227},"f":{"0":21,"1":227},"b":{"0":[21,0],"1":[227,0,0,0]},"_coverageSchema":"1a1c01bbd47fc00a2c39e90264f33305004495a9","hash":"8f9e40fb64815d52d8f6eb0053d7399fe361dc36"}
,"/Users/mariemuhire/careerfoundry/meet/src/components/NumberOfEvents.jsx": {"path":"/Users/mariemuhire/careerfoundry/meet/src/components/NumberOfEvents.jsx","statementMap":{"0":{"start":{"line":3,"column":23},"end":{"line":22,"column":1}},"1":{"start":{"line":4,"column":29},"end":{"line":8,"column":3}},"2":{"start":{"line":5,"column":18},"end":{"line":5,"column":36}},"3":{"start":{"line":7,"column":4},"end":{"line":7,"column":57}},"4":{"start":{"line":10,"column":2},"end":{"line":21,"column":4}}},"fnMap":{"0":{"name":"(anonymous_0)","decl":{"start":{"line":3,"column":23},"end":{"line":3,"column":24}},"loc":{"start":{"line":3,"column":56},"end":{"line":22,"column":1}},"line":3},"1":{"name":"(anonymous_1)","decl":{"start":{"line":4,"column":29},"end":{"line":4,"column":30}},"loc":{"start":{"line":4,"column":40},"end":{"line":8,"column":3}},"line":4}},"branchMap":{"0":{"loc":{"start":{"line":7,"column":16},"end":{"line":7,"column":55}},"type":"cond-expr","locations":[{"start":{"line":7,"column":31},"end":{"line":7,"column":33}},{"start":{"line":7,"column":36},"end":{"line":7,"column":55}}],"line":7},"1":{"loc":{"start":{"line":17,"column":15},"end":{"line":17,"column":50}},"type":"cond-expr","locations":[{"start":{"line":17,"column":35},"end":{"line":17,"column":37}},{"start":{"line":17,"column":40},"end":{"line":17,"column":50}}],"line":17}},"s":{"0":4,"1":22,"2":6,"3":6,"4":22},"f":{"0":22,"1":6},"b":{"0":[2,4],"1":[2,20]},"_coverageSchema":"1a1c01bbd47fc00a2c39e90264f33305004495a9","hash":"cd7584c61ab6f8ba5919dc81249c74af2dc87831"}
}
