TN:
SF:src/App.jsx
FN:9,(anonymous_0)
FN:16,(anonymous_1)
FN:17,(anonymous_2)
FN:21,(anonymous_3)
FNF:4
FNH:4
FNDA:23,(anonymous_0)
FNDA:12,(anonymous_1)
FNDA:12,(anonymous_2)
FNDA:37,(anonymous_3)
DA:9,3
DA:10,23
DA:11,22
DA:12,22
DA:13,22
DA:16,22
DA:17,12
DA:18,12
DA:19,12
DA:21,37
DA:22,12
DA:23,12
DA:25,12
DA:29,22
LF:14
LH:14
BRDA:19,0,0,11
BRDA:19,0,1,1
BRF:2
BRH:2
end_of_record
TN:
SF:src/api.js
FN:12,(anonymous_0)
FN:13,(anonymous_1)
FN:18,(anonymous_2)
FN:30,(anonymous_3)
FN:50,(anonymous_4)
FN:74,(anonymous_5)
FN:89,(anonymous_6)
FNF:7
FNH:3
FNDA:5,(anonymous_0)
FNDA:5,(anonymous_1)
FNDA:0,(anonymous_2)
FNDA:6,(anonymous_3)
FNDA:0,(anonymous_4)
FNDA:0,(anonymous_5)
FNDA:0,(anonymous_6)
DA:12,2
DA:13,5
DA:14,5
DA:15,5
DA:18,2
DA:19,0
DA:22,0
DA:23,0
DA:30,2
DA:31,6
DA:32,6
DA:36,0
DA:39,0
DA:40,0
DA:41,0
DA:42,0
DA:43,0
DA:44,0
DA:45,0
DA:46,0
DA:50,2
DA:51,0
DA:52,0
DA:55,0
DA:56,0
DA:57,0
DA:58,0
DA:59,0
DA:60,0
DA:65,0
DA:66,0
DA:67,0
DA:69,0
DA:71,0
DA:74,2
DA:76,0
DA:77,0
DA:82,0
DA:84,0
DA:85,0
DA:89,2
DA:90,0
DA:91,0
DA:94,0
DA:95,0
DA:98,0
LF:46
LH:11
BRDA:31,0,0,6
BRDA:31,0,1,0
BRDA:39,1,0,0
BRDA:39,1,1,0
BRDA:44,2,0,0
BRDA:44,2,1,0
BRDA:52,3,0,0
BRDA:52,3,1,0
BRDA:55,4,0,0
BRDA:55,4,1,0
BRDA:55,5,0,0
BRDA:55,5,1,0
BRDA:59,6,0,0
BRDA:59,6,1,0
BRDA:69,7,0,0
BRDA:69,7,1,0
BRDA:76,8,0,0
BRDA:76,8,1,0
BRDA:76,9,0,0
BRDA:76,9,1,0
BRDA:95,10,0,0
BRDA:95,10,1,0
BRF:22
BRH:1
end_of_record
TN:
SF:src/mock-data.js
FNF:0
FNH:0
DA:1,3
LF:1
LH:1
BRF:0
BRH:0
end_of_record
TN:
SF:src/components/CitySearch.jsx
FN:4,(anonymous_0)
FN:10,(anonymous_1)
FN:14,(anonymous_2)
FN:17,(anonymous_3)
FN:27,(anonymous_4)
FN:41,(anonymous_5)
FN:46,(anonymous_6)
FNF:7
FNH:7
FNDA:73,(anonymous_0)
FNDA:22,(anonymous_1)
FNDA:18,(anonymous_2)
FNDA:30,(anonymous_3)
FNDA:2,(anonymous_4)
FNDA:5,(anonymous_5)
FNDA:12,(anonymous_6)
DA:4,3
DA:5,73
DA:6,73
DA:7,73
DA:10,73
DA:11,22
DA:14,73
DA:15,18
DA:16,18
DA:18,30
DA:23,18
DA:24,18
DA:27,73
DA:28,2
DA:29,2
DA:30,2
DA:31,2
DA:34,73
DA:41,5
DA:47,12
LF:20
LH:20
BRDA:16,0,0,18
BRDA:16,0,1,0
BRDA:18,1,0,30
BRDA:18,1,1,18
BRDA:44,2,0,73
BRDA:44,2,1,23
BRF:6
BRH:5
end_of_record
TN:
SF:src/components/Event.jsx
FN:3,(anonymous_0)
FN:18,(anonymous_1)
FN:18,(anonymous_2)
FNF:3
FNH:3
FNDA:206,(anonymous_0)
FNDA:3,(anonymous_1)
FNDA:3,(anonymous_2)
DA:3,4
DA:4,206
DA:6,206
DA:18,3
LF:4
LH:4
BRDA:9,0,0,206
BRDA:9,0,1,3
BRDA:12,1,0,206
BRDA:12,1,1,2
BRDA:19,2,0,2
BRDA:19,2,1,204
BRF:6
BRH:6
end_of_record
TN:
SF:src/components/EventList.jsx
FN:5,(anonymous_0)
FN:9,(anonymous_1)
FNF:2
FNH:2
FNDA:24,(anonymous_0)
FNDA:199,(anonymous_1)
DA:5,3
DA:6,24
DA:10,199
LF:3
LH:3
BRDA:8,0,0,24
BRDA:8,0,1,0
BRDA:11,1,0,199
BRDA:11,1,1,3
BRDA:11,1,2,3
BRDA:11,1,3,3
BRF:6
BRH:5
end_of_record
TN:
SF:src/components/NumberOfEvents.jsx
FN:3,(anonymous_0)
FN:4,(anonymous_1)
FNF:2
FNH:2
FNDA:25,(anonymous_0)
FNDA:7,(anonymous_1)
DA:3,4
DA:4,25
DA:5,7
DA:6,7
DA:9,25
LF:5
LH:5
BRDA:6,0,0,2
BRDA:6,0,1,5
BRDA:16,1,0,2
BRDA:16,1,1,23
BRF:4
BRH:4
end_of_record
