TN:
SF:src/App.jsx
FN:8,(anonymous_0)
FNF:1
FNH:1
FNDA:6,(anonymous_0)
DA:8,1
DA:9,6
DA:10,6
DA:12,6
LF:4
LH:4
BRDA:9,0,0,6
BRDA:9,0,1,0
BRF:2
BRH:1
end_of_record
TN:
SF:src/api.js
FN:12,(anonymous_0)
FN:13,(anonymous_1)
FN:23,(anonymous_2)
FNF:3
FNH:3
FNDA:2,(anonymous_0)
FNDA:2,(anonymous_1)
FNDA:3,(anonymous_2)
DA:12,2
DA:13,2
DA:14,2
DA:15,2
DA:23,2
DA:24,3
LF:6
LH:6
BRF:0
BRH:0
end_of_record
TN:
SF:src/mock-data.js
FNF:0
FNH:0
DA:1,3
LF:1
LH:1
BRF:0
BRH:0
end_of_record
TN:
SF:src/components/CitySearch.jsx
FN:5,(anonymous_0)
FN:10,(anonymous_1)
FN:13,(anonymous_2)
FN:23,(anonymous_3)
FN:36,(anonymous_4)
FN:41,(anonymous_5)
FNF:6
FNH:5
FNDA:21,(anonymous_0)
FNDA:12,(anonymous_1)
FNDA:12,(anonymous_2)
FNDA:1,(anonymous_3)
FNDA:3,(anonymous_4)
FNDA:0,(anonymous_5)
DA:5,1
DA:6,21
DA:7,21
DA:8,21
DA:10,21
DA:11,12
DA:12,12
DA:14,12
DA:19,12
DA:20,12
DA:23,21
DA:24,1
DA:25,1
DA:26,1
DA:29,21
DA:36,3
DA:42,0
LF:17
LH:16
BRDA:12,0,0,12
BRDA:12,0,1,0
BRDA:14,1,0,12
BRDA:14,1,1,0
BRDA:39,2,0,21
BRDA:39,2,1,15
BRF:6
BRH:4
end_of_record
TN:
SF:src/components/Event.jsx
FN:3,(anonymous_0)
FN:18,(anonymous_1)
FN:18,(anonymous_2)
FNF:3
FNH:3
FNDA:147,(anonymous_0)
FNDA:3,(anonymous_1)
FNDA:3,(anonymous_2)
DA:3,3
DA:4,147
DA:6,147
DA:18,3
LF:4
LH:4
BRDA:9,0,0,147
BRDA:9,0,1,1
BRDA:12,1,0,147
BRDA:12,1,1,2
BRDA:19,2,0,2
BRDA:19,2,1,145
BRF:6
BRH:6
end_of_record
TN:
SF:src/components/EventList.jsx
FN:5,(anonymous_0)
FN:9,(anonymous_1)
FNF:2
FNH:2
FNDA:8,(anonymous_0)
FNDA:140,(anonymous_1)
DA:5,2
DA:6,8
DA:10,140
LF:3
LH:3
BRDA:8,0,0,8
BRDA:8,0,1,0
BRDA:11,1,0,140
BRDA:11,1,1,1
BRDA:11,1,2,1
BRDA:11,1,3,1
BRF:6
BRH:5
end_of_record
TN:
SF:src/components/NumberOfEvents.jsx
FN:3,(anonymous_0)
FN:6,(anonymous_1)
FNF:2
FNH:2
FNDA:13,(anonymous_0)
FNDA:6,(anonymous_1)
DA:3,2
DA:4,13
DA:6,13
DA:7,6
DA:8,6
DA:9,6
DA:10,6
DA:13,13
LF:8
LH:8
BRDA:8,0,0,2
BRDA:8,0,1,4
BRDA:10,1,0,4
BRDA:10,1,1,2
BRDA:10,2,0,6
BRDA:10,2,1,6
BRF:6
BRH:6
end_of_record
